#
# There is insufficient memory for the Java Runtime Environment to continue.
# Native memory allocation (malloc) failed to allocate 2075408 bytes. Error detail: Chunk::new
# Possible reasons:
#   The system is out of physical RAM or swap space
#   This process is running with CompressedOops enabled, and the Java Heap may be blocking the growth of the native heap
# Possible solutions:
#   Reduce memory load on the system
#   Increase physical memory or swap space
#   Check if swap backing store is full
#   Decrease Java heap size (-Xmx/-Xms)
#   Decrease number of Java threads
#   Decrease Java thread stack sizes (-Xss)
#   Set larger code cache with -XX:ReservedCodeCacheSize=
#   JVM is running with Unscaled Compressed Oops mode in which the Java heap is
#     placed in the first 4GB address space. The Java Heap base address is the
#     maximum limit for the native heap growth. Please use -XX:HeapBaseMinAddress
#     to set the Java Heap base and to place the Java Heap above 4GB virtual address.
# This output file may be truncated or incomplete.
#
#  Out of Memory Error (arena.cpp:168), pid=13556, tid=16532
#
# JRE version: OpenJDK Runtime Environment Temurin-21.0.10+7 (21.0.10+7) (build 21.0.10+7-LTS)
# Java VM: OpenJDK 64-Bit Server VM Temurin-21.0.10+7 (21.0.10+7-LTS, mixed mode, sharing, tiered, compressed oops, compressed class ptrs, parallel gc, windows-amd64)
# No core dump will be written. Minidumps are not enabled by default on client versions of Windows
#

---------------  S U M M A R Y ------------

Command Line: --add-modules=ALL-SYSTEM --add-opens=java.base/java.util=ALL-UNNAMED --add-opens=java.base/java.lang=ALL-UNNAMED --add-opens=java.base/sun.nio.fs=ALL-UNNAMED -Declipse.application=org.eclipse.jdt.ls.core.id1 -Dosgi.bundles.defaultStartLevel=4 -Declipse.product=org.eclipse.jdt.ls.core.product -Djava.import.generatesMetadataFilesAtProjectRoot=false -DDetectVMInstallationsJob.disabled=true -Dfile.encoding=utf8 -XX:+UseParallelGC -XX:GCTimeRatio=4 -XX:AdaptiveSizePolicyWeight=90 -Dsun.zip.disableMemoryMapping=true -Xmx2G -Xms100m -Xlog:disable -javaagent:c:\Users\saadm\.vscode\extensions\redhat.java-1.54.0-win32-x64\lombok\lombok-1.18.39-4050.jar -XX:+HeapDumpOnOutOfMemoryError -XX:HeapDumpPath=c:\Users\saadm\AppData\Roaming\Code\User\workspaceStorage\96343462210c6df7588f8b8abaa024b9\redhat.java -Daether.dependencyCollector.impl=bf c:\Users\saadm\.vscode\extensions\redhat.java-1.54.0-win32-x64\server\plugins\org.eclipse.equinox.launcher_1.7.100.v20251111-0406.jar -configuration c:\Users\saadm\AppData\Roaming\Code\User\globalStorage\redhat.java\1.54.0\config_win -data c:\Users\saadm\AppData\Roaming\Code\User\workspaceStorage\96343462210c6df7588f8b8abaa024b9\redhat.java\jdt_ws --pipe=\\.\pipe\lsp-5765b720dd3aae98c6de930774189fe0-sock

Host: Intel(R) Core(TM) i5-10210U CPU @ 1.60GHz, 8 cores, 7G,  Windows 11 , 64 bit Build 26100 (10.0.26100.8328)
Time: Sun May 17 17:37:26 2026 Sri Lanka Standard Time elapsed time: 10.577366 seconds (0d 0h 0m 10s)

---------------  T H R E A D  ---------------

Current thread (0x000001b3fc3f84c0):  JavaThread "C2 CompilerThread1" daemon [_thread_in_native, id=16532, stack(0x0000003983600000,0x0000003983700000) (1024K)]


Current CompileTask:
C2:10577 4968   !   4       org.eclipse.osgi.internal.loader.classpath.ClasspathManager::findClassImpl (328 bytes)

Stack: [0x0000003983600000,0x0000003983700000]
Native frames: (J=compiled Java code, j=interpreted, Vv=VM code, C=native code)
V  [jvm.dll+0x6d7a39]
V  [jvm.dll+0x8b4b26]
V  [jvm.dll+0x8b70de]
V  [jvm.dll+0x8b77c3]
V  [jvm.dll+0x284346]
V  [jvm.dll+0xc66ed]
V  [jvm.dll+0xc6c31]
V  [jvm.dll+0x3bec3b]
V  [jvm.dll+0x1e3d62]
V  [jvm.dll+0x24c6b3]
V  [jvm.dll+0x24bb40]
V  [jvm.dll+0x1cb34e]
V  [jvm.dll+0x25b85d]
V  [jvm.dll+0x259dea]
V  [jvm.dll+0x3f857e]
V  [jvm.dll+0x85f59d]
V  [jvm.dll+0x6d626d]
C  [ucrtbase.dll+0x37b0]
C  [KERNEL32.DLL+0x2e957]
C  [ntdll.dll+0x427c]


---------------  P R O C E S S  ---------------

Threads class SMR info:
_java_thread_list=0x000001b3d0e73950, length=40, elements={
0x000001b3ee57cb10, 0x000001b3ee63a6e0, 0x000001b3ee63db70, 0x000001b3ee4f5540,
0x000001b3ee4f8330, 0x000001b3ee4fa860, 0x000001b3ee4fcee0, 0x000001b3ee4ffd40,
0x000001b3ee5266b0, 0x000001b3f79ad430, 0x000001b3f7aedbb0, 0x000001b3fc25fb40,
0x000001b3fc87c840, 0x000001b3fc9ac1f0, 0x000001b3fc7e5590, 0x000001b3fc7e6ab0,
0x000001b3fca022e0, 0x000001b3fd455020, 0x000001b3fd454990, 0x000001b3fd4556b0,
0x000001b3fd455d40, 0x000001b3fc3f84c0, 0x000001b3fd454300, 0x000001b3fd4535e0,
0x000001b3fe02c6d0, 0x000001b3fd4528c0, 0x000001b3fd453c70, 0x000001b3ff68ff90,
0x000001b3ff68ebe0, 0x000001b3ff690cb0, 0x000001b3ff691340, 0x000001b3ff690620,
0x000001b3ff6919d0, 0x000001b3ff68f270, 0x000001b3ff68e550, 0x000001b3ff692060,
0x000001b3ff692d80, 0x000001b3ff6926f0, 0x000001b3ff6954e0, 0x000001b3ff695b70
}

Java Threads: ( => current thread )
  0x000001b3ee57cb10 JavaThread "main"                              [_thread_blocked, id=15236, stack(0x0000003981b00000,0x0000003981c00000) (1024K)]
  0x000001b3ee63a6e0 JavaThread "Reference Handler"          daemon [_thread_blocked, id=7688, stack(0x0000003981f00000,0x0000003982000000) (1024K)]
  0x000001b3ee63db70 JavaThread "Finalizer"                  daemon [_thread_blocked, id=9952, stack(0x0000003982000000,0x0000003982100000) (1024K)]
  0x000001b3ee4f5540 JavaThread "Signal Dispatcher"          daemon [_thread_blocked, id=9844, stack(0x0000003982100000,0x0000003982200000) (1024K)]
  0x000001b3ee4f8330 JavaThread "Attach Listener"            daemon [_thread_blocked, id=15232, stack(0x0000003982200000,0x0000003982300000) (1024K)]
  0x000001b3ee4fa860 JavaThread "Service Thread"             daemon [_thread_blocked, id=16488, stack(0x0000003982300000,0x0000003982400000) (1024K)]
  0x000001b3ee4fcee0 JavaThread "Monitor Deflation Thread"   daemon [_thread_blocked, id=6504, stack(0x0000003982400000,0x0000003982500000) (1024K)]
  0x000001b3ee4ffd40 JavaThread "C2 CompilerThread0"         daemon [_thread_in_native, id=12096, stack(0x0000003982500000,0x0000003982600000) (1024K)]
  0x000001b3ee5266b0 JavaThread "C1 CompilerThread0"         daemon [_thread_in_vm, id=16540, stack(0x0000003982600000,0x0000003982700000) (1024K)]
  0x000001b3f79ad430 JavaThread "Common-Cleaner"             daemon [_thread_blocked, id=16376, stack(0x0000003982700000,0x0000003982800000) (1024K)]
  0x000001b3f7aedbb0 JavaThread "Notification Thread"        daemon [_thread_blocked, id=944, stack(0x0000003982900000,0x0000003982a00000) (1024K)]
  0x000001b3fc25fb40 JavaThread "Active Thread: Equinox Container: 64d1d5ac-2bb0-4e9c-958d-b08b29554464"        [_thread_blocked, id=15200, stack(0x0000003982a00000,0x0000003982b00000) (1024K)]
  0x000001b3fc87c840 JavaThread "Refresh Thread: Equinox Container: 64d1d5ac-2bb0-4e9c-958d-b08b29554464" daemon [_thread_blocked, id=6764, stack(0x0000003983100000,0x0000003983200000) (1024K)]
  0x000001b3fc9ac1f0 JavaThread "Framework Event Dispatcher: Equinox Container: 64d1d5ac-2bb0-4e9c-958d-b08b29554464" daemon [_thread_blocked, id=17320, stack(0x0000003983300000,0x0000003983400000) (1024K)]
  0x000001b3fc7e5590 JavaThread "Start Level: Equinox Container: 64d1d5ac-2bb0-4e9c-958d-b08b29554464" daemon [_thread_blocked, id=6412, stack(0x0000003983400000,0x0000003983500000) (1024K)]
  0x000001b3fc7e6ab0 JavaThread "Bundle File Closer"         daemon [_thread_blocked, id=16284, stack(0x0000003983500000,0x0000003983600000) (1024K)]
  0x000001b3fca022e0 JavaThread "SCR Component Actor"        daemon [_thread_blocked, id=17084, stack(0x0000003982800000,0x0000003982900000) (1024K)]
  0x000001b3fd455020 JavaThread "Worker-JM"                         [_thread_blocked, id=6828, stack(0x0000003983700000,0x0000003983800000) (1024K)]
  0x000001b3fd454990 JavaThread "Worker-0: Repository registry initialization"        [_thread_blocked, id=16832, stack(0x0000003983800000,0x0000003983900000) (1024K)]
  0x000001b3fd4556b0 JavaThread "Worker-1: Updating Maven Dependencies"        [_thread_in_native, id=17020, stack(0x0000003983900000,0x0000003983a00000) (1024K)]
  0x000001b3fd455d40 JavaThread "Worker-2: Initialize After Load"        [_thread_blocked, id=14672, stack(0x0000003983a00000,0x0000003983b00000) (1024K)]
=>0x000001b3fc3f84c0 JavaThread "C2 CompilerThread1"         daemon [_thread_in_native, id=16532, stack(0x0000003983600000,0x0000003983700000) (1024K)]
  0x000001b3fd454300 JavaThread "Java indexing"              daemon [_thread_blocked, id=2776, stack(0x0000003983b00000,0x0000003983c00000) (1024K)]
  0x000001b3fd4535e0 JavaThread "Worker-3"                          [_thread_blocked, id=8648, stack(0x0000003983c00000,0x0000003983d00000) (1024K)]
  0x000001b3fe02c6d0 JavaThread "C2 CompilerThread2"         daemon [_thread_in_native, id=7544, stack(0x0000003983d00000,0x0000003983e00000) (1024K)]
  0x000001b3fd4528c0 JavaThread "JNA Cleaner"                daemon [_thread_blocked, id=2364, stack(0x0000003983e00000,0x0000003983f00000) (1024K)]
  0x000001b3fd453c70 JavaThread "Worker-4"                          [_thread_blocked, id=13544, stack(0x0000003984200000,0x0000003984300000) (1024K)]
  0x000001b3ff68ff90 JavaThread "Worker-5"                          [_thread_blocked, id=17188, stack(0x0000003984300000,0x0000003984400000) (1024K)]
  0x000001b3ff68ebe0 JavaThread "Thread-1"                   daemon [_thread_in_native, id=7240, stack(0x0000003984400000,0x0000003984500000) (1024K)]
  0x000001b3ff690cb0 JavaThread "Thread-2"                   daemon [_thread_in_native, id=7788, stack(0x0000003984500000,0x0000003984600000) (1024K)]
  0x000001b3ff691340 JavaThread "Thread-3"                   daemon [_thread_in_native, id=16636, stack(0x0000003984600000,0x0000003984700000) (1024K)]
  0x000001b3ff690620 JavaThread "Thread-4"                   daemon [_thread_in_native, id=13368, stack(0x0000003984700000,0x0000003984800000) (1024K)]
  0x000001b3ff6919d0 JavaThread "Thread-5"                   daemon [_thread_in_native, id=4356, stack(0x0000003984800000,0x0000003984900000) (1024K)]
  0x000001b3ff68f270 JavaThread "Thread-6"                   daemon [_thread_in_native, id=14824, stack(0x0000003984900000,0x0000003984a00000) (1024K)]
  0x000001b3ff68e550 JavaThread "Thread-7"                   daemon [_thread_in_native, id=8236, stack(0x0000003984a00000,0x0000003984b00000) (1024K)]
  0x000001b3ff692060 JavaThread "Thread-8"                   daemon [_thread_in_native, id=5076, stack(0x0000003984b00000,0x0000003984c00000) (1024K)]
  0x000001b3ff692d80 JavaThread "Thread-9"                   daemon [_thread_in_native, id=13096, stack(0x0000003984c00000,0x0000003984d00000) (1024K)]
  0x000001b3ff6926f0 JavaThread "pool-2-thread-1"                   [_thread_blocked, id=14380, stack(0x0000003984d00000,0x0000003984e00000) (1024K)]
  0x000001b3ff6954e0 JavaThread "WorkspaceEventsHandler"            [_thread_blocked, id=12852, stack(0x0000003984e00000,0x0000003984f00000) (1024K)]
  0x000001b3ff695b70 JavaThread "pool-1-thread-1"                   [_thread_blocked, id=10180, stack(0x0000003984f00000,0x0000003985000000) (1024K)]
Total: 40

Other Threads:
  0x000001b3ee4f0a00 VMThread "VM Thread"                           [id=2928, stack(0x0000003981e00000,0x0000003981f00000) (1024K)]
  0x000001b3ee40bb20 WatcherThread "VM Periodic Task Thread"        [id=17260, stack(0x0000003981d00000,0x0000003981e00000) (1024K)]
  0x000001b3ee59bb40 WorkerThread "GC Thread#0"                     [id=7980, stack(0x0000003981c00000,0x0000003981d00000) (1024K)]
  0x000001b3fc3d0810 WorkerThread "GC Thread#1"                     [id=13040, stack(0x0000003982b00000,0x0000003982c00000) (1024K)]
  0x000001b3fc7ee3c0 WorkerThread "GC Thread#2"                     [id=16988, stack(0x0000003982c00000,0x0000003982d00000) (1024K)]
  0x000001b3fc7ee770 WorkerThread "GC Thread#3"                     [id=15088, stack(0x0000003982d00000,0x0000003982e00000) (1024K)]
  0x000001b3fc59ada0 WorkerThread "GC Thread#4"                     [id=16800, stack(0x0000003982e00000,0x0000003982f00000) (1024K)]
  0x000001b3fc59b150 WorkerThread "GC Thread#5"                     [id=14532, stack(0x0000003982f00000,0x0000003983000000) (1024K)]
  0x000001b3fc59b500 WorkerThread "GC Thread#6"                     [id=15024, stack(0x0000003983000000,0x0000003983100000) (1024K)]
  0x000001b3fc7cdc60 WorkerThread "GC Thread#7"                     [id=15564, stack(0x0000003983200000,0x0000003983300000) (1024K)]
Total: 10

Threads with active compile tasks:
C2 CompilerThread0  11880 4931   !   4       org.eclipse.osgi.internal.loader.classpath.ClasspathManager::defineClass (636 bytes)
C2 CompilerThread1  11880 4968   !   4       org.eclipse.osgi.internal.loader.classpath.ClasspathManager::findClassImpl (328 bytes)
C2 CompilerThread2  11880 5128   !   4       org.eclipse.osgi.internal.loader.BundleLoader::findClass0 (490 bytes)
Total: 3

VM state: not at safepoint (normal execution)

VM Mutex/Monitor currently owned by a thread: None

Heap address: 0x0000000080000000, size: 2048 MB, Compressed Oops mode: 32-bit

CDS archive(s) mapped at: [0x000001b38f000000-0x000001b38fba0000-0x000001b38fba0000), size 12189696, SharedBaseAddress: 0x000001b38f000000, ArchiveRelocationMode: 1.
Compressed class space mapped at: 0x000001b390000000-0x000001b3d0000000, reserved size: 1073741824
Narrow klass base: 0x000001b38f000000, Narrow klass shift: 0, Narrow klass range: 0x100000000

GC Precious Log:
 CardTable entry size: 512
 CPUs: 8 total, 8 available
 Memory: 7855M
 Large Page Support: Disabled
 NUMA Support: Disabled
 Compressed Oops: Enabled (32-bit)
 Alignments: Space 512K, Generation 512K, Heap 2M
 Heap Min Capacity: 100M
 Heap Initial Capacity: 100M
 Heap Max Capacity: 2G
 Pre-touch: Disabled
 Parallel Workers: 8

Heap:
 PSYoungGen      total 24064K, used 4995K [0x00000000d5580000, 0x00000000d7200000, 0x0000000100000000)
  eden space 22016K, 15% used [0x00000000d5580000,0x00000000d58e0c90,0x00000000d6b00000)
  from space 2048K, 75% used [0x00000000d6e00000,0x00000000d6f80000,0x00000000d7000000)
  to   space 2048K, 0% used [0x00000000d7000000,0x00000000d7000000,0x00000000d7200000)
 ParOldGen       total 68608K, used 19870K [0x0000000080000000, 0x0000000084300000, 0x00000000d5580000)
  object space 68608K, 28% used [0x0000000080000000,0x0000000081367bc8,0x0000000084300000)
 Metaspace       used 43209K, committed 44288K, reserved 1114112K
  class space    used 4677K, committed 5120K, reserved 1048576K

Card table byte_map: [0x000001b3edf20000,0x000001b3ee330000] _byte_map_base: 0x000001b3edb20000

Marking Bits: (ParMarkBitMap*) 0x00007ffb63d03450
 Begin Bits: [0x000001b3f1a30000, 0x000001b3f3a30000)
 End Bits:   [0x000001b3f3a30000, 0x000001b3f5a30000)

Polling page: 0x000001b3ec3c0000

Metaspace:

Usage:
  Non-class:     37.63 MB used.
      Class:      4.57 MB used.
       Both:     42.20 MB used.

Virtual space:
  Non-class space:       64.00 MB reserved,      38.25 MB ( 60%) committed,  1 nodes.
      Class space:        1.00 GB reserved,       5.00 MB ( <1%) committed,  1 nodes.
             Both:        1.06 GB reserved,      43.25 MB (  4%) committed. 

Chunk freelists:
   Non-Class:  9.30 MB
       Class:  10.97 MB
        Both:  20.27 MB

MaxMetaspaceSize: unlimited
CompressedClassSpaceSize: 1.00 GB
Initial GC threshold: 21.00 MB
Current GC threshold: 58.38 MB
CDS: on
 - commit_granule_bytes: 65536.
 - commit_granule_words: 8192.
 - virtual_space_node_default_size: 8388608.
 - enlarge_chunks_in_place: 1.
 - use_allocation_guard: 0.


Internal statistics:

num_allocs_failed_limit: 8.
num_arena_births: 774.
num_arena_deaths: 36.
num_vsnodes_births: 2.
num_vsnodes_deaths: 0.
num_space_committed: 692.
num_space_uncommitted: 0.
num_chunks_returned_to_freelist: 53.
num_chunks_taken_from_freelist: 2594.
num_chunk_merges: 12.
num_chunk_splits: 1589.
num_chunks_enlarged: 924.
num_inconsistent_stats: 0.

CodeHeap 'non-profiled nmethods': size=120000Kb used=2420Kb max_used=2428Kb free=117579Kb
 bounds [0x000001b387ad0000, 0x000001b387d50000, 0x000001b38f000000]
CodeHeap 'profiled nmethods': size=120000Kb used=9805Kb max_used=9967Kb free=110194Kb
 bounds [0x000001b380000000, 0x000001b3809c0000, 0x000001b387530000]
CodeHeap 'non-nmethods': size=5760Kb used=1377Kb max_used=1456Kb free=4382Kb
 bounds [0x000001b387530000, 0x000001b3877a0000, 0x000001b387ad0000]
CodeCache: size=245760Kb, used=13602Kb, max_used=13851Kb, free=232155Kb
 total_blobs=5439, nmethods=4766, adapters=579, full_count=0
Compilation: enabled, stopped_count=0, restarted_count=0

Compilation events (20 events):
Event: 10.282 Thread 0x000001b3ee5266b0 nmethod 5172 0x000001b3803ae110 code [0x000001b3803ae2a0, 0x000001b3803ae3e8]
Event: 10.283 Thread 0x000001b3ee5266b0 5173       3       java.lang.Class::isEnum (27 bytes)
Event: 10.283 Thread 0x000001b3ee5266b0 nmethod 5173 0x000001b3804d5590 code [0x000001b3804d5740, 0x000001b3804d5938]
Event: 10.283 Thread 0x000001b3ee5266b0 5174       3       com.google.gson.internal.Excluder::excludeClass (140 bytes)
Event: 10.287 Thread 0x000001b3ee5266b0 nmethod 5174 0x000001b380031010 code [0x000001b3800314e0, 0x000001b3800336d0]
Event: 10.287 Thread 0x000001b3ee5266b0 5175       3       com.google.gson.internal.bind.TypeAdapters$30::create (30 bytes)
Event: 10.287 Thread 0x000001b3ee5266b0 nmethod 5175 0x000001b380030b90 code [0x000001b380030d40, 0x000001b380030f18]
Event: 10.288 Thread 0x000001b3ee5266b0 5176       3       java.util.stream.ReduceOps$ReduceOp::<init> (10 bytes)
Event: 10.288 Thread 0x000001b3ee5266b0 nmethod 5176 0x000001b380030790 code [0x000001b380030940, 0x000001b380030ac8]
Event: 10.288 Thread 0x000001b3ee5266b0 5177       3       java.util.stream.ReduceOps$ReduceOp::evaluateSequential (18 bytes)
Event: 10.288 Thread 0x000001b3ee5266b0 nmethod 5177 0x000001b3804d4e10 code [0x000001b3804d5000, 0x000001b3804d5480]
Event: 10.289 Thread 0x000001b3ee5266b0 5178       3       com.google.gson.internal.GsonTypes::canonicalize (139 bytes)
Event: 10.290 Thread 0x000001b3ee5266b0 nmethod 5178 0x000001b3803ed890 code [0x000001b3803edbc0, 0x000001b3803eefe8]
Event: 10.290 Thread 0x000001b3ee5266b0 5179       3       com.google.gson.TypeAdapter::<init> (5 bytes)
Event: 10.290 Thread 0x000001b3ee5266b0 nmethod 5179 0x000001b380030390 code [0x000001b380030540, 0x000001b3800306a8]
Event: 10.290 Thread 0x000001b3ee5266b0 5181       3       java.util.stream.Collectors$CollectorImpl::<init> (32 bytes)
Event: 10.291 Thread 0x000001b3ee5266b0 nmethod 5181 0x000001b3804d4910 code [0x000001b3804d4ac0, 0x000001b3804d4ce8]
Event: 10.291 Thread 0x000001b3ee5266b0 5182       1       com.google.inject.internal.LinkedBindingImpl::getLinkedKey (5 bytes)
Event: 10.291 Thread 0x000001b3ee5266b0 nmethod 5182 0x000001b387b53790 code [0x000001b387b53920, 0x000001b387b539e8]
Event: 10.316 Thread 0x000001b3ee5266b0 5183       3       java.util.regex.Pattern::sequence (647 bytes)

GC Heap History (20 events):
Event: 5.979 GC heap before
{Heap before GC invocations=9 (full 1):
 PSYoungGen      total 26624K, used 2064K [0x00000000d5580000, 0x00000000d7700000, 0x0000000100000000)
  eden space 24064K, 0% used [0x00000000d5580000,0x00000000d5580000,0x00000000d6d00000)
  from space 2560K, 80% used [0x00000000d7480000,0x00000000d7684250,0x00000000d7700000)
  to   space 4096K, 0% used [0x00000000d6f00000,0x00000000d6f00000,0x00000000d7300000)
 ParOldGen       total 68608K, used 13819K [0x0000000080000000, 0x0000000084300000, 0x00000000d5580000)
  object space 68608K, 20% used [0x0000000080000000,0x0000000080d7eee0,0x0000000084300000)
 Metaspace       used 20803K, committed 21504K, reserved 1114112K
  class space    used 2132K, committed 2432K, reserved 1048576K
}
Event: 6.021 GC heap after
{Heap after GC invocations=9 (full 1):
 PSYoungGen      total 26624K, used 0K [0x00000000d5580000, 0x00000000d7700000, 0x0000000100000000)
  eden space 24064K, 0% used [0x00000000d5580000,0x00000000d5580000,0x00000000d6d00000)
  from space 2560K, 0% used [0x00000000d7480000,0x00000000d7480000,0x00000000d7700000)
  to   space 4096K, 0% used [0x00000000d6f00000,0x00000000d6f00000,0x00000000d7300000)
 ParOldGen       total 68608K, used 14709K [0x0000000080000000, 0x0000000084300000, 0x00000000d5580000)
  object space 68608K, 21% used [0x0000000080000000,0x0000000080e5d418,0x0000000084300000)
 Metaspace       used 20790K, committed 21504K, reserved 1114112K
  class space    used 2128K, committed 2432K, reserved 1048576K
}
Event: 6.294 GC heap before
{Heap before GC invocations=10 (full 1):
 PSYoungGen      total 26624K, used 24064K [0x00000000d5580000, 0x00000000d7700000, 0x0000000100000000)
  eden space 24064K, 100% used [0x00000000d5580000,0x00000000d6d00000,0x00000000d6d00000)
  from space 2560K, 0% used [0x00000000d7480000,0x00000000d7480000,0x00000000d7700000)
  to   space 4096K, 0% used [0x00000000d6f00000,0x00000000d6f00000,0x00000000d7300000)
 ParOldGen       total 68608K, used 14709K [0x0000000080000000, 0x0000000084300000, 0x00000000d5580000)
  object space 68608K, 21% used [0x0000000080000000,0x0000000080e5d418,0x0000000084300000)
 Metaspace       used 24513K, committed 25280K, reserved 1114112K
  class space    used 2419K, committed 2752K, reserved 1048576K
}
Event: 6.300 GC heap after
{Heap after GC invocations=10 (full 1):
 PSYoungGen      total 27648K, used 543K [0x00000000d5580000, 0x00000000d7500000, 0x0000000100000000)
  eden space 23552K, 0% used [0x00000000d5580000,0x00000000d5580000,0x00000000d6c80000)
  from space 4096K, 13% used [0x00000000d6f00000,0x00000000d6f87d20,0x00000000d7300000)
  to   space 1536K, 0% used [0x00000000d7380000,0x00000000d7380000,0x00000000d7500000)
 ParOldGen       total 68608K, used 14717K [0x0000000080000000, 0x0000000084300000, 0x00000000d5580000)
  object space 68608K, 21% used [0x0000000080000000,0x0000000080e5f418,0x0000000084300000)
 Metaspace       used 24513K, committed 25280K, reserved 1114112K
  class space    used 2419K, committed 2752K, reserved 1048576K
}
Event: 6.891 GC heap before
{Heap before GC invocations=11 (full 1):
 PSYoungGen      total 27648K, used 24095K [0x00000000d5580000, 0x00000000d7500000, 0x0000000100000000)
  eden space 23552K, 100% used [0x00000000d5580000,0x00000000d6c80000,0x00000000d6c80000)
  from space 4096K, 13% used [0x00000000d6f00000,0x00000000d6f87d20,0x00000000d7300000)
  to   space 1536K, 0% used [0x00000000d7380000,0x00000000d7380000,0x00000000d7500000)
 ParOldGen       total 68608K, used 14717K [0x0000000080000000, 0x0000000084300000, 0x00000000d5580000)
  object space 68608K, 21% used [0x0000000080000000,0x0000000080e5f418,0x0000000084300000)
 Metaspace       used 25771K, committed 26560K, reserved 1114112K
  class space    used 2511K, committed 2816K, reserved 1048576K
}
Event: 6.894 GC heap after
{Heap after GC invocations=11 (full 1):
 PSYoungGen      total 24576K, used 1527K [0x00000000d5580000, 0x00000000d7500000, 0x0000000100000000)
  eden space 23040K, 0% used [0x00000000d5580000,0x00000000d5580000,0x00000000d6c00000)
  from space 1536K, 99% used [0x00000000d7380000,0x00000000d74fdfc0,0x00000000d7500000)
  to   space 3584K, 0% used [0x00000000d6e00000,0x00000000d6e00000,0x00000000d7180000)
 ParOldGen       total 68608K, used 16295K [0x0000000080000000, 0x0000000084300000, 0x00000000d5580000)
  object space 68608K, 23% used [0x0000000080000000,0x0000000080fe9e38,0x0000000084300000)
 Metaspace       used 25771K, committed 26560K, reserved 1114112K
  class space    used 2511K, committed 2816K, reserved 1048576K
}
Event: 7.471 GC heap before
{Heap before GC invocations=12 (full 1):
 PSYoungGen      total 24576K, used 24567K [0x00000000d5580000, 0x00000000d7500000, 0x0000000100000000)
  eden space 23040K, 100% used [0x00000000d5580000,0x00000000d6c00000,0x00000000d6c00000)
  from space 1536K, 99% used [0x00000000d7380000,0x00000000d74fdfc0,0x00000000d7500000)
  to   space 3584K, 0% used [0x00000000d6e00000,0x00000000d6e00000,0x00000000d7180000)
 ParOldGen       total 68608K, used 16295K [0x0000000080000000, 0x0000000084300000, 0x00000000d5580000)
  object space 68608K, 23% used [0x0000000080000000,0x0000000080fe9ea8,0x0000000084300000)
 Metaspace       used 28919K, committed 29888K, reserved 1114112K
  class space    used 2916K, committed 3328K, reserved 1048576K
}
Event: 7.474 GC heap after
{Heap after GC invocations=12 (full 1):
 PSYoungGen      total 26624K, used 1150K [0x00000000d5580000, 0x00000000d7400000, 0x0000000100000000)
  eden space 23040K, 0% used [0x00000000d5580000,0x00000000d5580000,0x00000000d6c00000)
  from space 3584K, 32% used [0x00000000d6e00000,0x00000000d6f1fb00,0x00000000d7180000)
  to   space 2048K, 0% used [0x00000000d7200000,0x00000000d7200000,0x00000000d7400000)
 ParOldGen       total 68608K, used 17687K [0x0000000080000000, 0x0000000084300000, 0x00000000d5580000)
  object space 68608K, 25% used [0x0000000080000000,0x0000000081145c50,0x0000000084300000)
 Metaspace       used 28919K, committed 29888K, reserved 1114112K
  class space    used 2916K, committed 3328K, reserved 1048576K
}
Event: 8.368 GC heap before
{Heap before GC invocations=13 (full 1):
 PSYoungGen      total 26624K, used 24190K [0x00000000d5580000, 0x00000000d7400000, 0x0000000100000000)
  eden space 23040K, 100% used [0x00000000d5580000,0x00000000d6c00000,0x00000000d6c00000)
  from space 3584K, 32% used [0x00000000d6e00000,0x00000000d6f1fb00,0x00000000d7180000)
  to   space 2048K, 0% used [0x00000000d7200000,0x00000000d7200000,0x00000000d7400000)
 ParOldGen       total 68608K, used 17689K [0x0000000080000000, 0x0000000084300000, 0x00000000d5580000)
  object space 68608K, 25% used [0x0000000080000000,0x0000000081146418,0x0000000084300000)
 Metaspace       used 31406K, committed 32384K, reserved 1114112K
  class space    used 3218K, committed 3648K, reserved 1048576K
}
Event: 8.371 GC heap after
{Heap after GC invocations=13 (full 1):
 PSYoungGen      total 23552K, used 864K [0x00000000d5580000, 0x00000000d7300000, 0x0000000100000000)
  eden space 22528K, 0% used [0x00000000d5580000,0x00000000d5580000,0x00000000d6b80000)
  from space 1024K, 84% used [0x00000000d7200000,0x00000000d72d8000,0x00000000d7300000)
  to   space 1536K, 0% used [0x00000000d7000000,0x00000000d7000000,0x00000000d7180000)
 ParOldGen       total 68608K, used 18623K [0x0000000080000000, 0x0000000084300000, 0x00000000d5580000)
  object space 68608K, 27% used [0x0000000080000000,0x000000008122fe10,0x0000000084300000)
 Metaspace       used 31406K, committed 32384K, reserved 1114112K
  class space    used 3218K, committed 3648K, reserved 1048576K
}
Event: 8.790 GC heap before
{Heap before GC invocations=14 (full 1):
 PSYoungGen      total 23552K, used 23392K [0x00000000d5580000, 0x00000000d7300000, 0x0000000100000000)
  eden space 22528K, 100% used [0x00000000d5580000,0x00000000d6b80000,0x00000000d6b80000)
  from space 1024K, 84% used [0x00000000d7200000,0x00000000d72d8000,0x00000000d7300000)
  to   space 1536K, 0% used [0x00000000d7000000,0x00000000d7000000,0x00000000d7180000)
 ParOldGen       total 68608K, used 18623K [0x0000000080000000, 0x0000000084300000, 0x00000000d5580000)
  object space 68608K, 27% used [0x0000000080000000,0x000000008122fe10,0x0000000084300000)
 Metaspace       used 33704K, committed 34816K, reserved 1114112K
  class space    used 3490K, committed 3968K, reserved 1048576K
}
Event: 8.794 GC heap after
{Heap after GC invocations=14 (full 1):
 PSYoungGen      total 23552K, used 1525K [0x00000000d5580000, 0x00000000d7280000, 0x0000000100000000)
  eden space 22016K, 0% used [0x00000000d5580000,0x00000000d5580000,0x00000000d6b00000)
  from space 1536K, 99% used [0x00000000d7000000,0x00000000d717d6c8,0x00000000d7180000)
  to   space 1024K, 0% used [0x00000000d7180000,0x00000000d7180000,0x00000000d7280000)
 ParOldGen       total 68608K, used 19394K [0x0000000080000000, 0x0000000084300000, 0x00000000d5580000)
  object space 68608K, 28% used [0x0000000080000000,0x00000000812f0928,0x0000000084300000)
 Metaspace       used 33704K, committed 34816K, reserved 1114112K
  class space    used 3490K, committed 3968K, reserved 1048576K
}
Event: 8.917 GC heap before
{Heap before GC invocations=15 (full 1):
 PSYoungGen      total 23552K, used 8752K [0x00000000d5580000, 0x00000000d7280000, 0x0000000100000000)
  eden space 22016K, 32% used [0x00000000d5580000,0x00000000d5c8ea20,0x00000000d6b00000)
  from space 1536K, 99% used [0x00000000d7000000,0x00000000d717d6c8,0x00000000d7180000)
  to   space 1024K, 0% used [0x00000000d7180000,0x00000000d7180000,0x00000000d7280000)
 ParOldGen       total 68608K, used 19394K [0x0000000080000000, 0x0000000084300000, 0x00000000d5580000)
  object space 68608K, 28% used [0x0000000080000000,0x00000000812f0928,0x0000000084300000)
 Metaspace       used 34786K, committed 35840K, reserved 1114112K
  class space    used 3618K, committed 4096K, reserved 1048576K
}
Event: 8.920 GC heap after
{Heap after GC invocations=15 (full 1):
 PSYoungGen      total 23040K, used 692K [0x00000000d5580000, 0x00000000d7280000, 0x0000000100000000)
  eden space 22016K, 0% used [0x00000000d5580000,0x00000000d5580000,0x00000000d6b00000)
  from space 1024K, 67% used [0x00000000d7180000,0x00000000d722d010,0x00000000d7280000)
  to   space 1024K, 0% used [0x00000000d7080000,0x00000000d7080000,0x00000000d7180000)
 ParOldGen       total 68608K, used 20651K [0x0000000080000000, 0x0000000084300000, 0x00000000d5580000)
  object space 68608K, 30% used [0x0000000080000000,0x000000008142ac40,0x0000000084300000)
 Metaspace       used 34786K, committed 35840K, reserved 1114112K
  class space    used 3618K, committed 4096K, reserved 1048576K
}
Event: 8.920 GC heap before
{Heap before GC invocations=16 (full 2):
 PSYoungGen      total 23040K, used 692K [0x00000000d5580000, 0x00000000d7280000, 0x0000000100000000)
  eden space 22016K, 0% used [0x00000000d5580000,0x00000000d5580000,0x00000000d6b00000)
  from space 1024K, 67% used [0x00000000d7180000,0x00000000d722d010,0x00000000d7280000)
  to   space 1024K, 0% used [0x00000000d7080000,0x00000000d7080000,0x00000000d7180000)
 ParOldGen       total 68608K, used 20651K [0x0000000080000000, 0x0000000084300000, 0x00000000d5580000)
  object space 68608K, 30% used [0x0000000080000000,0x000000008142ac40,0x0000000084300000)
 Metaspace       used 34786K, committed 35840K, reserved 1114112K
  class space    used 3618K, committed 4096K, reserved 1048576K
}
Event: 8.988 GC heap after
{Heap after GC invocations=16 (full 2):
 PSYoungGen      total 23040K, used 0K [0x00000000d5580000, 0x00000000d7280000, 0x0000000100000000)
  eden space 22016K, 0% used [0x00000000d5580000,0x00000000d5580000,0x00000000d6b00000)
  from space 1024K, 0% used [0x00000000d7180000,0x00000000d7180000,0x00000000d7280000)
  to   space 1024K, 0% used [0x00000000d7080000,0x00000000d7080000,0x00000000d7180000)
 ParOldGen       total 68608K, used 17537K [0x0000000080000000, 0x0000000084300000, 0x00000000d5580000)
  object space 68608K, 25% used [0x0000000080000000,0x0000000081120688,0x0000000084300000)
 Metaspace       used 34767K, committed 35840K, reserved 1114112K
  class space    used 3613K, committed 4096K, reserved 1048576K
}
Event: 9.445 GC heap before
{Heap before GC invocations=17 (full 2):
 PSYoungGen      total 23040K, used 22016K [0x00000000d5580000, 0x00000000d7280000, 0x0000000100000000)
  eden space 22016K, 100% used [0x00000000d5580000,0x00000000d6b00000,0x00000000d6b00000)
  from space 1024K, 0% used [0x00000000d7180000,0x00000000d7180000,0x00000000d7280000)
  to   space 1024K, 0% used [0x00000000d7080000,0x00000000d7080000,0x00000000d7180000)
 ParOldGen       total 68608K, used 17537K [0x0000000080000000, 0x0000000084300000, 0x00000000d5580000)
  object space 68608K, 25% used [0x0000000080000000,0x0000000081120688,0x0000000084300000)
 Metaspace       used 37195K, committed 38272K, reserved 1114112K
  class space    used 3903K, committed 4352K, reserved 1048576K
}
Event: 9.449 GC heap after
{Heap after GC invocations=17 (full 2):
 PSYoungGen      total 23040K, used 1024K [0x00000000d5580000, 0x00000000d7200000, 0x0000000100000000)
  eden space 22016K, 0% used [0x00000000d5580000,0x00000000d5580000,0x00000000d6b00000)
  from space 1024K, 100% used [0x00000000d7080000,0x00000000d7180000,0x00000000d7180000)
  to   space 512K, 0% used [0x00000000d7180000,0x00000000d7180000,0x00000000d7200000)
 ParOldGen       total 68608K, used 18049K [0x0000000080000000, 0x0000000084300000, 0x00000000d5580000)
  object space 68608K, 26% used [0x0000000080000000,0x00000000811a0698,0x0000000084300000)
 Metaspace       used 37195K, committed 38272K, reserved 1114112K
  class space    used 3903K, committed 4352K, reserved 1048576K
}
Event: 9.918 GC heap before
{Heap before GC invocations=18 (full 2):
 PSYoungGen      total 23040K, used 23040K [0x00000000d5580000, 0x00000000d7200000, 0x0000000100000000)
  eden space 22016K, 100% used [0x00000000d5580000,0x00000000d6b00000,0x00000000d6b00000)
  from space 1024K, 100% used [0x00000000d7080000,0x00000000d7180000,0x00000000d7180000)
  to   space 512K, 0% used [0x00000000d7180000,0x00000000d7180000,0x00000000d7200000)
 ParOldGen       total 68608K, used 18049K [0x0000000080000000, 0x0000000084300000, 0x00000000d5580000)
  object space 68608K, 26% used [0x0000000080000000,0x00000000811a0698,0x0000000084300000)
 Metaspace       used 40182K, committed 41280K, reserved 1114112K
  class space    used 4295K, committed 4800K, reserved 1048576K
}
Event: 9.921 GC heap after
{Heap after GC invocations=18 (full 2):
 PSYoungGen      total 22528K, used 512K [0x00000000d5580000, 0x00000000d7200000, 0x0000000100000000)
  eden space 22016K, 0% used [0x00000000d5580000,0x00000000d5580000,0x00000000d6b00000)
  from space 512K, 100% used [0x00000000d7180000,0x00000000d7200000,0x00000000d7200000)
  to   space 2048K, 0% used [0x00000000d6e00000,0x00000000d6e00000,0x00000000d7000000)
 ParOldGen       total 68608K, used 19382K [0x0000000080000000, 0x0000000084300000, 0x00000000d5580000)
  object space 68608K, 28% used [0x0000000080000000,0x00000000812edbc8,0x0000000084300000)
 Metaspace       used 40182K, committed 41280K, reserved 1114112K
  class space    used 4295K, committed 4800K, reserved 1048576K
}

Dll operation events (14 events):
Event: 0.089 Loaded shared library c:\Users\saadm\.vscode\extensions\redhat.java-1.54.0-win32-x64\jre\21.0.10-win32-x86_64\bin\java.dll
Event: 0.187 Loaded shared library c:\Users\saadm\.vscode\extensions\redhat.java-1.54.0-win32-x64\jre\21.0.10-win32-x86_64\bin\zip.dll
Event: 0.206 Loaded shared library C:\Users\saadm\.vscode\extensions\redhat.java-1.54.0-win32-x64\jre\21.0.10-win32-x86_64\bin\instrument.dll
Event: 0.212 Loaded shared library C:\Users\saadm\.vscode\extensions\redhat.java-1.54.0-win32-x64\jre\21.0.10-win32-x86_64\bin\net.dll
Event: 0.215 Loaded shared library C:\Users\saadm\.vscode\extensions\redhat.java-1.54.0-win32-x64\jre\21.0.10-win32-x86_64\bin\nio.dll
Event: 0.217 Loaded shared library C:\Users\saadm\.vscode\extensions\redhat.java-1.54.0-win32-x64\jre\21.0.10-win32-x86_64\bin\zip.dll
Event: 0.237 Loaded shared library C:\Users\saadm\.vscode\extensions\redhat.java-1.54.0-win32-x64\jre\21.0.10-win32-x86_64\bin\jimage.dll
Event: 0.380 Loaded shared library c:\Users\saadm\.vscode\extensions\redhat.java-1.54.0-win32-x64\jre\21.0.10-win32-x86_64\bin\verify.dll
Event: 2.638 Loaded shared library C:\Users\saadm\AppData\Roaming\Code\User\globalStorage\redhat.java\1.54.0\config_win\org.eclipse.equinox.launcher\org.eclipse.equinox.launcher.win32.win32.x86_64_1.3.0.v20260203-2149\eclipse_11919.dll
Event: 4.853 Loaded shared library C:\Users\saadm\.vscode\extensions\redhat.java-1.54.0-win32-x64\jre\21.0.10-win32-x86_64\bin\management.dll
Event: 4.856 Loaded shared library C:\Users\saadm\.vscode\extensions\redhat.java-1.54.0-win32-x64\jre\21.0.10-win32-x86_64\bin\management_ext.dll
Event: 8.445 Loaded shared library C:\Users\saadm\AppData\Local\Temp\jna-109191068\jna3845939436387791766.dll
Event: 9.524 Loaded shared library C:\Users\saadm\.vscode\extensions\redhat.java-1.54.0-win32-x64\jre\21.0.10-win32-x86_64\bin\sunmscapi.dll
Event: 9.747 Loaded shared library C:\Users\saadm\.vscode\extensions\redhat.java-1.54.0-win32-x64\jre\21.0.10-win32-x86_64\bin\extnet.dll

Deoptimization events (20 events):
Event: 10.012 Thread 0x000001b3ee57cb10 Uncommon trap: trap_request=0xffffff45 fr.pc=0x000001b387b0ac50 relative=0x00000000000000b0
Event: 10.012 Thread 0x000001b3ee57cb10 Uncommon trap: reason=unstable_if action=reinterpret pc=0x000001b387b0ac50 method=java.lang.CharacterDataLatin1.digit(II)I @ 7 c2
Event: 10.012 Thread 0x000001b3ee57cb10 DEOPT PACKING pc=0x000001b387b0ac50 sp=0x0000003981bfe0f0
Event: 10.012 Thread 0x000001b3ee57cb10 DEOPT UNPACKING pc=0x000001b387583aa2 sp=0x0000003981bfe070 mode 2
Event: 10.048 Thread 0x000001b3ee57cb10 Uncommon trap: trap_request=0xffffff45 fr.pc=0x000001b387c5392c relative=0x000000000000094c
Event: 10.048 Thread 0x000001b3ee57cb10 Uncommon trap: reason=unstable_if action=reinterpret pc=0x000001b387c5392c method=java.util.regex.Pattern$BmpCharPropertyGreedy.match(Ljava/util/regex/Matcher;ILjava/lang/CharSequence;)Z @ 12 c2
Event: 10.050 Thread 0x000001b3ee57cb10 DEOPT PACKING pc=0x000001b387c5392c sp=0x0000003981bfda50
Event: 10.050 Thread 0x000001b3ee57cb10 DEOPT UNPACKING pc=0x000001b387583aa2 sp=0x0000003981bfd918 mode 2
Event: 10.139 Thread 0x000001b3ee57cb10 Uncommon trap: trap_request=0xffffff45 fr.pc=0x000001b387c3b858 relative=0x0000000000000138
Event: 10.139 Thread 0x000001b3ee57cb10 Uncommon trap: reason=unstable_if action=reinterpret pc=0x000001b387c3b858 method=java.lang.StringConcatHelper.prepend(J[BLjava/lang/String;)J @ 13 c2
Event: 10.139 Thread 0x000001b3ee57cb10 DEOPT PACKING pc=0x000001b387c3b858 sp=0x0000003981bfe390
Event: 10.139 Thread 0x000001b3ee57cb10 DEOPT UNPACKING pc=0x000001b387583aa2 sp=0x0000003981bfe340 mode 2
Event: 10.139 Thread 0x000001b3ee57cb10 Uncommon trap: trap_request=0xffffff45 fr.pc=0x000001b387b23918 relative=0x00000000000000f8
Event: 10.139 Thread 0x000001b3ee57cb10 Uncommon trap: reason=unstable_if action=reinterpret pc=0x000001b387b23918 method=java.lang.String.getBytes([BIB)V @ 5 c2
Event: 10.139 Thread 0x000001b3ee57cb10 DEOPT PACKING pc=0x000001b387b23918 sp=0x0000003981bfe2f0
Event: 10.139 Thread 0x000001b3ee57cb10 DEOPT UNPACKING pc=0x000001b387583aa2 sp=0x0000003981bfe2b8 mode 2
Event: 10.140 Thread 0x000001b3ee57cb10 Uncommon trap: trap_request=0xffffff45 fr.pc=0x000001b387c7df70 relative=0x00000000000000d0
Event: 10.140 Thread 0x000001b3ee57cb10 Uncommon trap: reason=unstable_if action=reinterpret pc=0x000001b387c7df70 method=java.lang.StringConcatHelper.newString([BJ)Ljava/lang/String; @ 3 c2
Event: 10.140 Thread 0x000001b3ee57cb10 DEOPT PACKING pc=0x000001b387c7df70 sp=0x0000003981bfe520
Event: 10.140 Thread 0x000001b3ee57cb10 DEOPT UNPACKING pc=0x000001b387583aa2 sp=0x0000003981bfe4a8 mode 2

Classes loaded (20 events):
Event: 10.015 Loading class sun/util/cldr/CLDRCalendarNameProviderImpl
Event: 10.016 Loading class sun/util/locale/provider/CalendarNameProviderImpl
Event: 10.017 Loading class sun/util/locale/provider/CalendarNameProviderImpl done
Event: 10.017 Loading class sun/util/cldr/CLDRCalendarNameProviderImpl done
Event: 10.019 Loading class sun/util/locale/provider/BaseLocaleDataMetaInfo
Event: 10.019 Loading class sun/util/locale/provider/BaseLocaleDataMetaInfo done
Event: 10.052 Loading class sun/util/locale/provider/CalendarNameProviderImpl$LengthBasedComparator
Event: 10.053 Loading class sun/util/locale/provider/CalendarNameProviderImpl$LengthBasedComparator done
Event: 10.127 Loading class java/time/format/DateTimeParseContext
Event: 10.128 Loading class java/time/format/DateTimeParseContext done
Event: 10.128 Loading class java/time/format/Parsed
Event: 10.129 Loading class java/time/format/Parsed done
Event: 10.146 Loading class java/nio/channels/ServerSocketChannel
Event: 10.146 Loading class java/nio/channels/ServerSocketChannel done
Event: 10.171 Loading class jdk/internal/reflect/MethodHandleIntegerFieldAccessorImpl
Event: 10.171 Loading class jdk/internal/reflect/MethodHandleIntegerFieldAccessorImpl done
Event: 10.175 Loading class sun/nio/ch/WindowsAsynchronousFileChannelImpl$WriteTask
Event: 10.175 Loading class sun/nio/ch/WindowsAsynchronousFileChannelImpl$WriteTask done
Event: 10.187 Loading class sun/reflect/generics/repository/FieldRepository
Event: 10.187 Loading class sun/reflect/generics/repository/FieldRepository done

Classes unloaded (18 events):
Event: 5.987 Thread 0x000001b3ee4f0a00 Unloading class 0x000001b3901a8800 'java/lang/invoke/LambdaForm$MH+0x000001b3901a8800'
Event: 5.987 Thread 0x000001b3ee4f0a00 Unloading class 0x000001b3901a8400 'java/lang/invoke/LambdaForm$MH+0x000001b3901a8400'
Event: 5.987 Thread 0x000001b3ee4f0a00 Unloading class 0x000001b3901a8000 'java/lang/invoke/LambdaForm$MH+0x000001b3901a8000'
Event: 5.987 Thread 0x000001b3ee4f0a00 Unloading class 0x000001b3901a7c00 'java/lang/invoke/LambdaForm$MH+0x000001b3901a7c00'
Event: 5.987 Thread 0x000001b3ee4f0a00 Unloading class 0x000001b3901a7800 'java/lang/invoke/LambdaForm$BMH+0x000001b3901a7800'
Event: 5.987 Thread 0x000001b3ee4f0a00 Unloading class 0x000001b3901a7400 'java/lang/invoke/LambdaForm$DMH+0x000001b3901a7400'
Event: 5.987 Thread 0x000001b3ee4f0a00 Unloading class 0x000001b3901a6000 'java/lang/invoke/LambdaForm$DMH+0x000001b3901a6000'
Event: 8.933 Thread 0x000001b3ee4f0a00 Unloading class 0x000001b3902f3c00 'java/lang/invoke/LambdaForm$MH+0x000001b3902f3c00'
Event: 8.933 Thread 0x000001b3ee4f0a00 Unloading class 0x000001b3902f3400 'java/lang/invoke/LambdaForm$MH+0x000001b3902f3400'
Event: 8.933 Thread 0x000001b3ee4f0a00 Unloading class 0x000001b3902f2800 'java/lang/invoke/LambdaForm$MH+0x000001b3902f2800'
Event: 8.933 Thread 0x000001b3ee4f0a00 Unloading class 0x000001b3902f2000 'java/lang/invoke/LambdaForm$MH+0x000001b3902f2000'
Event: 8.933 Thread 0x000001b3ee4f0a00 Unloading class 0x000001b3902f1c00 'java/lang/invoke/LambdaForm$DMH+0x000001b3902f1c00'
Event: 8.933 Thread 0x000001b3ee4f0a00 Unloading class 0x000001b3902f1000 'java/lang/invoke/LambdaForm$MH+0x000001b3902f1000'
Event: 8.933 Thread 0x000001b3ee4f0a00 Unloading class 0x000001b3902ea800 'java/lang/invoke/LambdaForm$MH+0x000001b3902ea800'
Event: 8.933 Thread 0x000001b3ee4f0a00 Unloading class 0x000001b3902ea400 'java/lang/invoke/LambdaForm$MH+0x000001b3902ea400'
Event: 8.933 Thread 0x000001b3ee4f0a00 Unloading class 0x000001b3902e9c00 'java/lang/invoke/LambdaForm$MH+0x000001b3902e9c00'
Event: 8.933 Thread 0x000001b3ee4f0a00 Unloading class 0x000001b3902e9000 'java/lang/invoke/LambdaForm$MH+0x000001b3902e9000'
Event: 8.933 Thread 0x000001b3ee4f0a00 Unloading class 0x000001b3902e8800 'java/lang/invoke/LambdaForm$MH+0x000001b3902e8800'

Classes redefined (0 events):
No events

Internal exceptions (20 events):
Event: 7.583 Thread 0x000001b3fd4556b0 Exception <a 'java/lang/NoClassDefFoundError'{0x00000000d59942a0}: javax/enterprise/inject/Typed> (0x00000000d59942a0) 
thrown [s\src\hotspot\share\classfile\systemDictionary.cpp, line 301]
Event: 7.649 Thread 0x000001b3fc7e5590 Exception <a 'java/lang/ClassNotFoundException'{0x00000000d5a7f9c0}: com/sun/org/apache/xml/internal/serializer/spi/XMLEntitiesProvider> (0x00000000d5a7f9c0) 
thrown [s\src\hotspot\share\classfile\systemDictionary.cpp, line 312]
Event: 8.153 Thread 0x000001b3fc7e5590 Exception <a 'java/io/FileNotFoundException'{0x00000000d67ab8a8}> (0x00000000d67ab8a8) 
thrown [s\src\hotspot\share\prims\jni.cpp, line 520]
Event: 8.517 Thread 0x000001b3fc7e5590 Exception <a 'java/lang/UnsatisfiedLinkError'{0x00000000d5cf8228}: The specified procedure could not be found.
> (0x00000000d5cf8228) 
thrown [s\src\hotspot\share\prims\jni.cpp, line 539]
Event: 8.525 Thread 0x000001b3fc7e5590 Exception <a 'java/io/FileNotFoundException'{0x00000000d5d20808}> (0x00000000d5d20808) 
thrown [s\src\hotspot\share\prims\jni.cpp, line 520]
Event: 8.540 Thread 0x000001b3fc7e5590 Exception <a 'java/io/FileNotFoundException'{0x00000000d5ea84b8}> (0x00000000d5ea84b8) 
thrown [s\src\hotspot\share\prims\jni.cpp, line 520]
Event: 8.577 Thread 0x000001b3fc7e5590 Exception <a 'java/lang/NoSuchMethodError'{0x00000000d60c9838}: 'void java.lang.invoke.DirectMethodHandle$Holder.invokeSpecial(java.lang.Object, java.lang.Object, java.lang.Object, int)'> (0x00000000d60c9838) 
thrown [s\src\hotspot\share\interpreter\linkResolver.cpp, line 773]
Event: 8.578 Thread 0x000001b3fc7e5590 Exception <a 'java/lang/NoSuchMethodError'{0x00000000d60ccf08}: 'void java.lang.invoke.DelegatingMethodHandle$Holder.reinvoke_L(java.lang.Object, java.lang.Object, int)'> (0x00000000d60ccf08) 
thrown [s\src\hotspot\share\interpreter\linkResolver.cpp, line 773]
Event: 8.586 Thread 0x000001b3fc7e5590 Exception <a 'java/lang/NoSuchMethodError'{0x00000000d60d3910}: 'int java.lang.invoke.Invokers$Holder.invokeExact_MT(java.lang.Object, java.lang.Object, java.lang.Object)'> (0x00000000d60d3910) 
thrown [s\src\hotspot\share\interpreter\linkResolver.cpp, line 773]
Event: 8.590 Thread 0x000001b3fc7e5590 Exception <a 'java/lang/UnsatisfiedLinkError'{0x00000000d617ea60}: The specified procedure could not be found.
> (0x00000000d617ea60) 
thrown [s\src\hotspot\share\prims\jni.cpp, line 539]
Event: 8.602 Thread 0x000001b3fc7e5590 Exception <a 'java/lang/NoSuchMethodError'{0x00000000d618b838}: 'void java.lang.invoke.Invokers$Holder.invokeExact_MT(java.lang.Object, java.lang.Object, int, java.lang.Object)'> (0x00000000d618b838) 
thrown [s\src\hotspot\share\interpreter\linkResolver.cpp, line 773]
Event: 8.806 Thread 0x000001b3fd4535e0 Exception <a 'sun/nio/fs/WindowsException'{0x00000000d5657d00}> (0x00000000d5657d00) 
thrown [s\src\hotspot\share\prims\jni.cpp, line 520]
Event: 8.844 Thread 0x000001b3ee57cb10 Exception <a 'java/io/FileNotFoundException'{0x00000000d58c3428}> (0x00000000d58c3428) 
thrown [s\src\hotspot\share\prims\jni.cpp, line 520]
Event: 9.050 Thread 0x000001b3ee57cb10 Exception <a 'java/lang/NoSuchMethodError'{0x00000000d57ee110}: 'java.lang.Object java.lang.invoke.DirectMethodHandle$Holder.invokeStatic(java.lang.Object, long, java.lang.Object)'> (0x00000000d57ee110) 
thrown [s\src\hotspot\share\interpreter\linkResolver.cpp, line 773]
Event: 9.052 Thread 0x000001b3ee57cb10 Exception <a 'java/lang/NoSuchMethodError'{0x00000000d580d1f8}: 'java.lang.Object java.lang.invoke.DirectMethodHandle$Holder.invokeStaticInit(java.lang.Object, long, java.lang.Object)'> (0x00000000d580d1f8) 
thrown [s\src\hotspot\share\interpreter\linkResolver.cpp, line 773]
Event: 9.053 Thread 0x000001b3ee57cb10 Exception <a 'java/lang/NoSuchMethodError'{0x00000000d5812b38}: 'java.lang.Object java.lang.invoke.DirectMethodHandle$Holder.newInvokeSpecial(java.lang.Object, long)'> (0x00000000d5812b38) 
thrown [s\src\hotspot\share\interpreter\linkResolver.cpp, line 773]
Event: 9.738 Thread 0x000001b3fd4535e0 Exception <a 'java/net/UnknownHostException'{0x00000000d634b360}> (0x00000000d634b360) 
thrown [s\src\hotspot\share\prims\jni.cpp, line 520]
Event: 9.929 Thread 0x000001b3ee57cb10 Exception <a 'java/lang/NoSuchMethodError'{0x00000000d55d3400}: 'void java.lang.invoke.DirectMethodHandle$Holder.invokeSpecial(java.lang.Object, java.lang.Object, java.lang.Object, java.lang.Object, java.lang.Object, java.lang.Object)'> (0x00000000d55d3400) 
thrown [s\src\hotspot\share\interpreter\linkResolver.cpp, line 773]
Event: 9.935 Thread 0x000001b3ee57cb10 Exception <a 'java/lang/IncompatibleClassChangeError'{0x00000000d5609678}: Found class java.lang.Object, but interface was expected> (0x00000000d5609678) 
thrown [s\src\hotspot\share\interpreter\linkResolver.cpp, line 840]
Event: 9.936 Thread 0x000001b3ee57cb10 Exception <a 'java/lang/IncompatibleClassChangeError'{0x00000000d560b3f0}: Found class java.lang.Object, but interface was expected> (0x00000000d560b3f0) 
thrown [s\src\hotspot\share\interpreter\linkResolver.cpp, line 840]

ZGC Phase Switch (0 events):
No events

VM Operations (20 events):
Event: 8.916 Executing safepoint VM operation: CollectForMetadataAllocation (Metadata GC Threshold)
Event: 8.988 Executing safepoint VM operation: CollectForMetadataAllocation (Metadata GC Threshold) done
Event: 8.988 Executing safepoint VM operation: CollectForMetadataAllocation (Metadata GC Threshold)
Event: 8.989 Executing safepoint VM operation: CollectForMetadataAllocation (Metadata GC Threshold) done
Event: 9.141 Executing non-safepoint VM operation: HandshakeAllThreads (Deoptimize)
Event: 9.168 Executing non-safepoint VM operation: HandshakeAllThreads (Deoptimize) done
Event: 9.421 Executing non-safepoint VM operation: HandshakeAllThreads (Deoptimize)
Event: 9.430 Executing non-safepoint VM operation: HandshakeAllThreads (Deoptimize) done
Event: 9.444 Executing safepoint VM operation: ParallelGCFailedAllocation (Allocation Failure)
Event: 9.449 Executing safepoint VM operation: ParallelGCFailedAllocation (Allocation Failure) done
Event: 9.588 Executing non-safepoint VM operation: HandshakeAllThreads (Deoptimize)
Event: 9.601 Executing non-safepoint VM operation: HandshakeAllThreads (Deoptimize) done
Event: 9.699 Executing non-safepoint VM operation: HandshakeAllThreads (Deoptimize)
Event: 9.700 Executing non-safepoint VM operation: HandshakeAllThreads (Deoptimize) done
Event: 9.770 Executing non-safepoint VM operation: HandshakeAllThreads (Deoptimize)
Event: 9.770 Executing non-safepoint VM operation: HandshakeAllThreads (Deoptimize) done
Event: 9.846 Executing non-safepoint VM operation: HandshakeAllThreads (Deoptimize)
Event: 9.848 Executing non-safepoint VM operation: HandshakeAllThreads (Deoptimize) done
Event: 9.918 Executing safepoint VM operation: ParallelGCFailedAllocation (Allocation Failure)
Event: 9.921 Executing safepoint VM operation: ParallelGCFailedAllocation (Allocation Failure) done

Memory protections (0 events):
No events

Nmethod flushes (20 events):
Event: 8.951 Thread 0x000001b3ee4f0a00 flushing  nmethod 0x000001b38064f410
Event: 8.951 Thread 0x000001b3ee4f0a00 flushing  nmethod 0x000001b38064ff90
Event: 8.951 Thread 0x000001b3ee4f0a00 flushing  nmethod 0x000001b380650710
Event: 8.951 Thread 0x000001b3ee4f0a00 flushing  nmethod 0x000001b380651c90
Event: 8.951 Thread 0x000001b3ee4f0a00 flushing  nmethod 0x000001b380652190
Event: 8.951 Thread 0x000001b3ee4f0a00 flushing  nmethod 0x000001b380653510
Event: 8.951 Thread 0x000001b3ee4f0a00 flushing  nmethod 0x000001b380654a10
Event: 8.951 Thread 0x000001b3ee4f0a00 flushing  nmethod 0x000001b380655410
Event: 8.951 Thread 0x000001b3ee4f0a00 flushing  nmethod 0x000001b38065e710
Event: 8.951 Thread 0x000001b3ee4f0a00 flushing  nmethod 0x000001b380660390
Event: 8.951 Thread 0x000001b3ee4f0a00 flushing  nmethod 0x000001b380693a90
Event: 8.951 Thread 0x000001b3ee4f0a00 flushing  nmethod 0x000001b380695790
Event: 8.951 Thread 0x000001b3ee4f0a00 flushing  nmethod 0x000001b38069d490
Event: 8.951 Thread 0x000001b3ee4f0a00 flushing  nmethod 0x000001b3806f9710
Event: 8.951 Thread 0x000001b3ee4f0a00 flushing  nmethod 0x000001b38070de10
Event: 8.951 Thread 0x000001b3ee4f0a00 flushing  nmethod 0x000001b38070f810
Event: 8.951 Thread 0x000001b3ee4f0a00 flushing  nmethod 0x000001b380725a10
Event: 8.951 Thread 0x000001b3ee4f0a00 flushing  nmethod 0x000001b38074b010
Event: 8.951 Thread 0x000001b3ee4f0a00 flushing  nmethod 0x000001b380778610
Event: 8.951 Thread 0x000001b3ee4f0a00 flushing  nmethod 0x000001b380787890

Events (20 events):
Event: 6.151 Thread 0x000001b3fca60050 Thread exited: 0x000001b3fca60050
Event: 6.387 Thread 0x000001b3ee5266b0 Thread added: 0x000001b3fc3f84c0
Event: 6.670 Thread 0x000001b3fc7e5590 Thread added: 0x000001b3fd454300
Event: 6.873 Thread 0x000001b3fd455d40 Thread added: 0x000001b3fd4535e0
Event: 6.956 Thread 0x000001b3ee5266b0 Thread added: 0x000001b3fe02c6d0
Event: 8.503 Thread 0x000001b3fc7e5590 Thread added: 0x000001b3fd4528c0
Event: 8.692 Thread 0x000001b3fd4535e0 Thread added: 0x000001b3fd453c70
Event: 8.893 Thread 0x000001b3fd453c70 Thread added: 0x000001b3ff68ff90
Event: 9.084 Thread 0x000001b3ee57cb10 Thread added: 0x000001b3ff68ebe0
Event: 9.085 Thread 0x000001b3ee57cb10 Thread added: 0x000001b3ff690cb0
Event: 9.085 Thread 0x000001b3ee57cb10 Thread added: 0x000001b3ff691340
Event: 9.085 Thread 0x000001b3ee57cb10 Thread added: 0x000001b3ff690620
Event: 9.086 Thread 0x000001b3ee57cb10 Thread added: 0x000001b3ff6919d0
Event: 9.086 Thread 0x000001b3ee57cb10 Thread added: 0x000001b3ff68f270
Event: 9.086 Thread 0x000001b3ee57cb10 Thread added: 0x000001b3ff68e550
Event: 9.086 Thread 0x000001b3ee57cb10 Thread added: 0x000001b3ff692060
Event: 9.086 Thread 0x000001b3ee57cb10 Thread added: 0x000001b3ff692d80
Event: 9.155 Thread 0x000001b3ee57cb10 Thread added: 0x000001b3ff6926f0
Event: 10.004 Thread 0x000001b3ee57cb10 Thread added: 0x000001b3ff6954e0
Event: 10.006 Thread 0x000001b3ee57cb10 Thread added: 0x000001b3ff695b70


Dynamic libraries:
0x00007ff66a850000 - 0x00007ff66a85e000 	c:\Users\saadm\.vscode\extensions\redhat.java-1.54.0-win32-x64\jre\21.0.10-win32-x86_64\bin\java.exe
0x00007ffc16280000 - 0x00007ffc164e7000 	C:\WINDOWS\SYSTEM32\ntdll.dll
0x00007ffc14fa0000 - 0x00007ffc15069000 	C:\WINDOWS\System32\KERNEL32.DLL
0x00007ffc12d90000 - 0x00007ffc13187000 	C:\WINDOWS\System32\KERNELBASE.dll
0x00007ffc13190000 - 0x00007ffc132db000 	C:\WINDOWS\System32\ucrtbase.dll
0x00007ffc01070000 - 0x00007ffc01088000 	c:\Users\saadm\.vscode\extensions\redhat.java-1.54.0-win32-x64\jre\21.0.10-win32-x86_64\bin\jli.dll
0x00007ffc0dee0000 - 0x00007ffc0defe000 	c:\Users\saadm\.vscode\extensions\redhat.java-1.54.0-win32-x64\jre\21.0.10-win32-x86_64\bin\VCRUNTIME140.dll
0x00007ffc15900000 - 0x00007ffc15ac6000 	C:\WINDOWS\System32\USER32.dll
0x00007ffbfe110000 - 0x00007ffbfe3a2000 	C:\WINDOWS\WinSxS\amd64_microsoft.windows.common-controls_6595b64144ccf1df_6.0.26100.8457_none_3e0b2faee331e92d\COMCTL32.dll
0x00007ffc12cb0000 - 0x00007ffc12cd7000 	C:\WINDOWS\System32\win32u.dll
0x00007ffc15f10000 - 0x00007ffc15fb9000 	C:\WINDOWS\System32\msvcrt.dll
0x00007ffc15570000 - 0x00007ffc1559b000 	C:\WINDOWS\System32\GDI32.dll
0x00007ffc132e0000 - 0x00007ffc1340c000 	C:\WINDOWS\System32\gdi32full.dll
0x00007ffc13e90000 - 0x00007ffc13f33000 	C:\WINDOWS\System32\msvcp_win.dll
0x00007ffc16180000 - 0x00007ffc161b2000 	C:\WINDOWS\System32\IMM32.DLL
0x00007ffc02150000 - 0x00007ffc0215c000 	c:\Users\saadm\.vscode\extensions\redhat.java-1.54.0-win32-x64\jre\21.0.10-win32-x86_64\bin\vcruntime140_1.dll
0x00007ffb954f0000 - 0x00007ffb9557d000 	c:\Users\saadm\.vscode\extensions\redhat.java-1.54.0-win32-x64\jre\21.0.10-win32-x86_64\bin\msvcp140.dll
0x00007ffb63040000 - 0x00007ffb63de1000 	c:\Users\saadm\.vscode\extensions\redhat.java-1.54.0-win32-x64\jre\21.0.10-win32-x86_64\bin\server\jvm.dll
0x00007ffc160c0000 - 0x00007ffc16176000 	C:\WINDOWS\System32\ADVAPI32.dll
0x00007ffc14230000 - 0x00007ffc142d7000 	C:\WINDOWS\System32\sechost.dll
0x00007ffc15b30000 - 0x00007ffc15c48000 	C:\WINDOWS\System32\RPCRT4.dll
0x00007ffc14a70000 - 0x00007ffc14af0000 	C:\WINDOWS\System32\WS2_32.dll
0x00007ffc12b10000 - 0x00007ffc12b6e000 	C:\WINDOWS\SYSTEM32\POWRPROF.dll
0x00007ffbfc350000 - 0x00007ffbfc386000 	C:\WINDOWS\SYSTEM32\WINMM.dll
0x00007ffc07190000 - 0x00007ffc0719b000 	C:\WINDOWS\SYSTEM32\VERSION.dll
0x00007ffc12af0000 - 0x00007ffc12b04000 	C:\WINDOWS\SYSTEM32\UMPDC.dll
0x00007ffc11a00000 - 0x00007ffc11a1b000 	C:\WINDOWS\SYSTEM32\kernel.appcore.dll
0x00007ffc01d50000 - 0x00007ffc01d5a000 	c:\Users\saadm\.vscode\extensions\redhat.java-1.54.0-win32-x64\jre\21.0.10-win32-x86_64\bin\jimage.dll
0x00007ffc10b40000 - 0x00007ffc10d82000 	C:\WINDOWS\SYSTEM32\DBGHELP.DLL
0x00007ffc15150000 - 0x00007ffc154d3000 	C:\WINDOWS\System32\combase.dll
0x00007ffc15c50000 - 0x00007ffc15d29000 	C:\WINDOWS\System32\OLEAUT32.dll
0x00007ffc00f50000 - 0x00007ffc00f8b000 	C:\WINDOWS\SYSTEM32\dbgcore.DLL
0x00007ffc12ce0000 - 0x00007ffc12d88000 	C:\WINDOWS\System32\bcryptPrimitives.dll
0x00007ffc01610000 - 0x00007ffc0161f000 	c:\Users\saadm\.vscode\extensions\redhat.java-1.54.0-win32-x64\jre\21.0.10-win32-x86_64\bin\instrument.dll
0x00007ffbfe8d0000 - 0x00007ffbfe8f0000 	c:\Users\saadm\.vscode\extensions\redhat.java-1.54.0-win32-x64\jre\21.0.10-win32-x86_64\bin\java.dll
0x00007ffc142f0000 - 0x00007ffc14a5e000 	C:\WINDOWS\System32\SHELL32.dll
0x00007ffc134a0000 - 0x00007ffc13d0c000 	C:\WINDOWS\System32\windows.storage.dll
0x00007ffc15fc0000 - 0x00007ffc160b6000 	C:\WINDOWS\System32\SHCORE.dll
0x00007ffc15500000 - 0x00007ffc15566000 	C:\WINDOWS\System32\shlwapi.dll
0x00007ffc12bd0000 - 0x00007ffc12bf9000 	C:\WINDOWS\SYSTEM32\profapi.dll
0x00007ffbf7a10000 - 0x00007ffbf7a28000 	c:\Users\saadm\.vscode\extensions\redhat.java-1.54.0-win32-x64\jre\21.0.10-win32-x86_64\bin\zip.dll
0x00007ffc01da0000 - 0x00007ffc01db0000 	C:\Users\saadm\.vscode\extensions\redhat.java-1.54.0-win32-x64\jre\21.0.10-win32-x86_64\bin\net.dll
0x00007ffc07390000 - 0x00007ffc074b9000 	C:\WINDOWS\SYSTEM32\WINHTTP.dll
0x00007ffc11f50000 - 0x00007ffc11fbc000 	C:\WINDOWS\system32\mswsock.dll
0x00007ffbf7930000 - 0x00007ffbf7946000 	C:\Users\saadm\.vscode\extensions\redhat.java-1.54.0-win32-x64\jre\21.0.10-win32-x86_64\bin\nio.dll
0x00007ffc00d80000 - 0x00007ffc00d90000 	c:\Users\saadm\.vscode\extensions\redhat.java-1.54.0-win32-x64\jre\21.0.10-win32-x86_64\bin\verify.dll
0x00007ffbdc700000 - 0x00007ffbdc745000 	C:\Users\saadm\AppData\Roaming\Code\User\globalStorage\redhat.java\1.54.0\config_win\org.eclipse.equinox.launcher\org.eclipse.equinox.launcher.win32.win32.x86_64_1.3.0.v20260203-2149\eclipse_11919.dll
0x00007ffc155a0000 - 0x00007ffc15737000 	C:\WINDOWS\System32\ole32.dll
0x00007ffbfda60000 - 0x00007ffbfda6a000 	C:\Users\saadm\.vscode\extensions\redhat.java-1.54.0-win32-x64\jre\21.0.10-win32-x86_64\bin\management.dll
0x00007ffbfcae0000 - 0x00007ffbfcaec000 	C:\Users\saadm\.vscode\extensions\redhat.java-1.54.0-win32-x64\jre\21.0.10-win32-x86_64\bin\management_ext.dll
0x00007ffc14f90000 - 0x00007ffc14f98000 	C:\WINDOWS\System32\PSAPI.DLL
0x00007ffc12350000 - 0x00007ffc1236b000 	C:\WINDOWS\SYSTEM32\CRYPTSP.dll
0x00007ffc11960000 - 0x00007ffc11999000 	C:\WINDOWS\system32\rsaenh.dll
0x00007ffc12000000 - 0x00007ffc12033000 	C:\WINDOWS\SYSTEM32\USERENV.dll
0x00007ffc12ba0000 - 0x00007ffc12bca000 	C:\WINDOWS\SYSTEM32\bcrypt.dll
0x00007ffc121b0000 - 0x00007ffc121bc000 	C:\WINDOWS\SYSTEM32\CRYPTBASE.dll
0x00007ffc11540000 - 0x00007ffc11572000 	C:\WINDOWS\SYSTEM32\IPHLPAPI.DLL
0x00007ffc14000000 - 0x00007ffc1400a000 	C:\WINDOWS\System32\NSI.dll
0x00007ffbd2410000 - 0x00007ffbd2459000 	C:\Users\saadm\AppData\Local\Temp\jna-109191068\jna3845939436387791766.dll
0x00007ffc0d3b0000 - 0x00007ffc0d3cd000 	C:\WINDOWS\SYSTEM32\dhcpcsvc6.DLL
0x00007ffc0d380000 - 0x00007ffc0d3a5000 	C:\WINDOWS\SYSTEM32\dhcpcsvc.DLL
0x00007ffbfc800000 - 0x00007ffbfc80e000 	C:\Users\saadm\.vscode\extensions\redhat.java-1.54.0-win32-x64\jre\21.0.10-win32-x86_64\bin\sunmscapi.dll
0x00007ffc13d10000 - 0x00007ffc13e88000 	C:\WINDOWS\System32\CRYPT32.dll
0x00007ffc124b0000 - 0x00007ffc124e0000 	C:\WINDOWS\SYSTEM32\ncrypt.dll
0x00007ffc12460000 - 0x00007ffc1249f000 	C:\WINDOWS\SYSTEM32\NTASN1.dll
0x00007ffc11580000 - 0x00007ffc116b2000 	C:\WINDOWS\SYSTEM32\DNSAPI.dll
0x00007ffc06ef0000 - 0x00007ffc06efb000 	C:\Windows\System32\rasadhlp.dll
0x00007ffbf7a00000 - 0x00007ffbf7a09000 	C:\Users\saadm\.vscode\extensions\redhat.java-1.54.0-win32-x64\jre\21.0.10-win32-x86_64\bin\extnet.dll

JVMTI agents:
c:\Users\saadm\.vscode\extensions\redhat.java-1.54.0-win32-x64\lombok\lombok-1.18.39-4050.jar path:c:\Users\saadm\.vscode\extensions\redhat.java-1.54.0-win32-x64\jre\21.0.10-win32-x86_64\bin\instrument.dll, loaded, initialized, instrumentlib options:none

dbghelp: loaded successfully - version: 4.0.5 - missing functions: none
symbol engine: initialized successfully - sym options: 0x614 - pdb path: .;c:\Users\saadm\.vscode\extensions\redhat.java-1.54.0-win32-x64\jre\21.0.10-win32-x86_64\bin;C:\WINDOWS\SYSTEM32;C:\WINDOWS\WinSxS\amd64_microsoft.windows.common-controls_6595b64144ccf1df_6.0.26100.8457_none_3e0b2faee331e92d;c:\Users\saadm\.vscode\extensions\redhat.java-1.54.0-win32-x64\jre\21.0.10-win32-x86_64\bin\server;C:\Users\saadm\AppData\Roaming\Code\User\globalStorage\redhat.java\1.54.0\config_win\org.eclipse.equinox.launcher\org.eclipse.equinox.launcher.win32.win32.x86_64_1.3.0.v20260203-2149;C:\Users\saadm\AppData\Local\Temp\jna-109191068

VM Arguments:
jvm_args: --add-modules=ALL-SYSTEM --add-opens=java.base/java.util=ALL-UNNAMED --add-opens=java.base/java.lang=ALL-UNNAMED --add-opens=java.base/sun.nio.fs=ALL-UNNAMED -Declipse.application=org.eclipse.jdt.ls.core.id1 -Dosgi.bundles.defaultStartLevel=4 -Declipse.product=org.eclipse.jdt.ls.core.product -Djava.import.generatesMetadataFilesAtProjectRoot=false -DDetectVMInstallationsJob.disabled=true -Dfile.encoding=utf8 -XX:+UseParallelGC -XX:GCTimeRatio=4 -XX:AdaptiveSizePolicyWeight=90 -Dsun.zip.disableMemoryMapping=true -Xmx2G -Xms100m -Xlog:disable -javaagent:c:\Users\saadm\.vscode\extensions\redhat.java-1.54.0-win32-x64\lombok\lombok-1.18.39-4050.jar -XX:+HeapDumpOnOutOfMemoryError -XX:HeapDumpPath=c:\Users\saadm\AppData\Roaming\Code\User\workspaceStorage\96343462210c6df7588f8b8abaa024b9\redhat.java -Daether.dependencyCollector.impl=bf 
java_command: c:\Users\saadm\.vscode\extensions\redhat.java-1.54.0-win32-x64\server\plugins\org.eclipse.equinox.launcher_1.7.100.v20251111-0406.jar -configuration c:\Users\saadm\AppData\Roaming\Code\User\globalStorage\redhat.java\1.54.0\config_win -data c:\Users\saadm\AppData\Roaming\Code\User\workspaceStorage\96343462210c6df7588f8b8abaa024b9\redhat.java\jdt_ws --pipe=\\.\pipe\lsp-5765b720dd3aae98c6de930774189fe0-sock
java_class_path (initial): c:\Users\saadm\.vscode\extensions\redhat.java-1.54.0-win32-x64\server\plugins\org.eclipse.equinox.launcher_1.7.100.v20251111-0406.jar
Launcher Type: SUN_STANDARD

[Global flags]
    uintx AdaptiveSizePolicyWeight                 = 90                                        {product} {command line}
     intx CICompilerCount                          = 4                                         {product} {ergonomic}
    uintx GCTimeRatio                              = 4                                         {product} {command line}
     bool HeapDumpOnOutOfMemoryError               = true                                   {manageable} {command line}
    ccstr HeapDumpPath                             = c:\Users\saadm\AppData\Roaming\Code\User\workspaceStorage\96343462210c6df7588f8b8abaa024b9\redhat.java         {manageable} {command line}
   size_t InitialHeapSize                          = 104857600                                 {product} {command line}
   size_t MaxHeapSize                              = 2147483648                                {product} {command line}
   size_t MaxNewSize                               = 715653120                                 {product} {ergonomic}
   size_t MinHeapDeltaBytes                        = 524288                                    {product} {ergonomic}
   size_t MinHeapSize                              = 104857600                                 {product} {command line}
   size_t NewSize                                  = 34603008                                  {product} {ergonomic}
    uintx NonNMethodCodeHeapSize                   = 5839372                                {pd product} {ergonomic}
    uintx NonProfiledCodeHeapSize                  = 122909434                              {pd product} {ergonomic}
   size_t OldSize                                  = 70254592                                  {product} {ergonomic}
    uintx ProfiledCodeHeapSize                     = 122909434                              {pd product} {ergonomic}
    uintx ReservedCodeCacheSize                    = 251658240                              {pd product} {ergonomic}
     bool SegmentedCodeCache                       = true                                      {product} {ergonomic}
   size_t SoftMaxHeapSize                          = 2147483648                             {manageable} {ergonomic}
     bool UseCompressedOops                        = true                           {product lp64_product} {ergonomic}
     bool UseLargePagesIndividualAllocation        = false                                  {pd product} {ergonomic}
     bool UseParallelGC                            = true                                      {product} {command line}

Logging:
Log output configuration:
 #0: stdout all=off uptime,level,tags foldmultilines=false
 #1: stderr all=off uptime,level,tags foldmultilines=false

Release file:
JAVA_VERSION="21.0.10" 
MODULES="java.base java.compiler java.datatransfer java.xml java.prefs java.desktop java.instrument java.logging java.management java.security.sasl java.naming java.rmi java.management.rmi java.net.http java.scripting java.security.jgss java.transaction.xa java.sql java.sql.rowset java.xml.crypto java.se java.smartcardio jdk.accessibility jdk.internal.jvmstat jdk.attach jdk.charsets jdk.internal.opt jdk.zipfs jdk.compiler jdk.crypto.ec jdk.crypto.cryptoki jdk.crypto.mscapi jdk.dynalink jdk.internal.ed jdk.editpad jdk.hotspot.agent jdk.httpserver jdk.internal.le jdk.internal.vm.ci jdk.internal.vm.compiler jdk.internal.vm.compiler.management jdk.jartool jdk.javadoc jdk.jcmd jdk.management jdk.management.agent jdk.jconsole jdk.jdeps jdk.jdwp.agent jdk.jdi jdk.jfr jdk.jshell jdk.jsobject jdk.jstatd jdk.localedata jdk.management.jfr jdk.naming.dns jdk.naming.rmi jdk.net jdk.nio.mapmode jdk.random jdk.sctp jdk.security.auth jdk.security.jgss jdk.unsupported jdk.unsupported.desktop jdk.xml.dom" 

Environment Variables:
JAVA_HOME=C:\Program Files\Java\jdk-23
PATH=C:\Users\saadm\AppData\Local\Programs\Microsoft VS Code;C:\Program Files\Python313\Scripts\;C:\Program Files\Python313\;C:\Program Files\Common Files\Oracle\Java\javapath;C:\WINDOWS\system32;C:\WINDOWS;C:\WINDOWS\System32\Wbem;C:\WINDOWS\System32\WindowsPowerShell\v1.0\;C:\WINDOWS\System32\OpenSSH\;C:\Program Files\Microsoft SQL Server\150\Tools\Binn\;C:\Program Files\Microsoft SQL Server\Client SDK\ODBC\170\Tools\Binn\;C:\Program Files\dotnet\;C:\Program Files (x86)\Windows Kits\10\Windows Performance Toolkit\;C:\Program Files\Git\cmd;C:\Program Files\nodejs\;C:\Program Files\Java\jdk-23\bin;;C:\Program Files\Docker\Docker\resources\bin;C:\Users\saadm\AppData\Local\Microsoft\WindowsApps;C:\Users\saadm\.dotnet\tools;C:\Users\saadm\AppData\Local\GitHubDesktop\bin;C:\Users\saadm\AppData\Local\Programs\Microsoft VS Code\bin;C:\src\flutter\bin;C:\Users\saadm\AppData\Roaming\npm;C:\Users\saadm\AppData\Local\Programs\Antigravity\bin;C:\Users\saadm\AppData\Local\Programs\cursor\resources\app\bin
USERNAME=saadm
OS=Windows_NT
PROCESSOR_IDENTIFIER=Intel64 Family 6 Model 142 Stepping 12, GenuineIntel
TMP=C:\Users\saadm\AppData\Local\Temp
TEMP=C:\Users\saadm\AppData\Local\Temp




Periodic native trim disabled

---------------  S Y S T E M  ---------------

OS:
 Windows 11 , 64 bit Build 26100 (10.0.26100.8328)
OS uptime: 0 days 5:36 hours
Hyper-V role detected

CPU: total 8 (initial active 8) (4 cores per cpu, 2 threads per core) family 6 model 142 stepping 12 microcode 0xde, cx8, cmov, fxsr, ht, mmx, 3dnowpref, sse, sse2, sse3, ssse3, sse4.1, sse4.2, popcnt, lzcnt, tsc, tscinvbit, avx, avx2, aes, erms, clmul, bmi1, bmi2, adx, fma, vzeroupper, clflush, clflushopt, hv, rdtscp, f16c
Processor Information for the first 8 processors :
  Max Mhz: 2112, Current Mhz: 1609, Mhz Limit: 1605

Memory: 4k page, system-wide physical 7855M (664M free)
TotalPageFile size 16047M (AvailPageFile size 15M)
current process WorkingSet (physical memory assigned to process): 236M, peak: 238M
current process commit charge ("private bytes"): 355M, peak: 357M

vm_info: OpenJDK 64-Bit Server VM (21.0.10+7-LTS) for windows-amd64 JRE (21.0.10+7-LTS), built on 2026-01-20T00:00:00Z by "admin" with MS VC++ 17.12 (VS2022)

END.
